#
# There is insufficient memory for the Java Runtime Environment to continue.
# Native memory allocation (mmap) failed to map 41943040 bytes for Failed to commit area from 0x000000008db00000 to 0x0000000090300000 of length 41943040.
# Possible reasons:
#   The system is out of physical RAM or swap space
#   The process is running with CompressedOops enabled, and the Java Heap may be blocking the growth of the native heap
# Possible solutions:
#   Reduce memory load on the system
#   Increase physical memory or swap space
#   Check if swap backing store is full
#   Decrease Java heap size (-Xmx/-Xms)
#   Decrease number of Java threads
#   Decrease Java thread stack sizes (-Xss)
#   Set larger code cache with -XX:ReservedCodeCacheSize=
#   JVM is running with Unscaled Compressed Oops mode in which the Java heap is
#     placed in the first 4GB address space. The Java Heap base address is the
#     maximum limit for the native heap growth. Please use -XX:HeapBaseMinAddress
#     to set the Java Heap base and to place the Java Heap above 4GB virtual address.
# This output file may be truncated or incomplete.
#
#  Out of Memory Error (src/hotspot/os/windows/os_windows.cpp:3627), pid=11632, tid=3448
#
# JRE version: OpenJDK Runtime Environment (11.0.15) (build 11.0.15+0-b2043.56-8887301)
# Java VM: OpenJDK 64-Bit Server VM (11.0.15+0-b2043.56-8887301, mixed mode, tiered, compressed oops, g1 gc, windows-amd64)
# No core dump will be written. Minidumps are not enabled by default on client versions of Windows
#

---------------  S U M M A R Y ------------

Command Line: org.jetbrains.kotlin.cli.jvm.K2JVMCompiler @C:\Users\Danny\AndroidStudioProjects\Ccapy\app\build\20230116_7427992111074224111.compiler.options

Host: Intel(R) Core(TM) m5-6Y54 CPU @ 1.10GHz, 4 cores, 7G,  Windows 10 , 64 bit Build 19041 (10.0.19041.292)
Time: Mon Jan 16 18:45:50 2023 Hora est. Pacífico, Sudamérica elapsed time: 25.750059 seconds (0d 0h 0m 25s)

---------------  T H R E A D  ---------------

Current thread (0x000002027239a800):  VMThread "VM Thread" [stack: 0x000000f29d900000,0x000000f29da00000] [id=3448]

Stack: [0x000000f29d900000,0x000000f29da00000]
[error occurred during error reporting (printing stack bounds), id 0xc0000005, EXCEPTION_ACCESS_VIOLATION (0xc0000005) at pc=0x000002025c36112d]

Native frames: (J=compiled Java code, j=interpreted, Vv=VM code, C=native code)
V  [jvm.dll+0x64135a]
V  [jvm.dll+0x7d39f9]
V  [jvm.dll+0x7d51b9]
V  [jvm.dll+0x7d5805]
V  [jvm.dll+0x7d57bb]
V  [jvm.dll+0x640655]
V  [jvm.dll+0x640d68]
C  [ntdll.dll+0xa111f]
C  [ntdll.dll+0x4b474]
C  [ntdll.dll+0x9fc4e]
C  0x000002025c36112d

VM_Operation (0x000000f29d3fd480): G1CollectForAllocation, mode: safepoint, requested by thread 0x0000020258841000


---------------  P R O C E S S  ---------------

Threads class SMR info:
_java_thread_list=0x0000020279ee7a30, length=11, elements={
0x0000020258841000, 0x000002027239c800, 0x00000202723a7000, 0x0000020272d39800,
0x0000020272d3d800, 0x0000020272d3f000, 0x0000020272d43000, 0x00000202723c0800,
0x00000202723c1800, 0x0000020272eaa000, 0x0000020273613800
}

Java Threads: ( => current thread )
  0x0000020258841000 JavaThread "main" [_thread_blocked, id=7804, stack(0x000000f29d300000,0x000000f29d400000)]
  0x000002027239c800 JavaThread "Reference Handler" daemon [_thread_blocked, id=5960, stack(0x000000f29da00000,0x000000f29db00000)]
  0x00000202723a7000 JavaThread "Finalizer" daemon [_thread_blocked, id=12252, stack(0x000000f29db00000,0x000000f29dc00000)]
  0x0000020272d39800 JavaThread "Signal Dispatcher" daemon [_thread_blocked, id=11380, stack(0x000000f29dc00000,0x000000f29dd00000)]
  0x0000020272d3d800 JavaThread "Attach Listener" daemon [_thread_blocked, id=928, stack(0x000000f29dd00000,0x000000f29de00000)]
  0x0000020272d3f000 JavaThread "Service Thread" daemon [_thread_blocked, id=11428, stack(0x000000f29de00000,0x000000f29df00000)]
  0x0000020272d43000 JavaThread "C2 CompilerThread0" daemon [_thread_in_native, id=6124, stack(0x000000f29df00000,0x000000f29e000000)]
  0x00000202723c0800 JavaThread "C1 CompilerThread0" daemon [_thread_blocked, id=11136, stack(0x000000f29e000000,0x000000f29e100000)]
  0x00000202723c1800 JavaThread "Sweeper thread" daemon [_thread_blocked, id=12272, stack(0x000000f29e100000,0x000000f29e200000)]
  0x0000020272eaa000 JavaThread "Common-Cleaner" daemon [_thread_blocked, id=12160, stack(0x000000f29e300000,0x000000f29e400000)]
  0x0000020273613800 JavaThread "C2 CompilerThread1" daemon [_thread_in_native, id=11860, stack(0x000000f29e400000,0x000000f29e500000)]

Other Threads:
=>0x000002027239a800 VMThread "VM Thread" [stack: 0x000000f29d900000,0x000000f29da00000] [id=3448]
  0x0000020272e9f800 WatcherThread [stack: 0x000000f29e200000,0x000000f29e300000] [id=11344]
  0x000002025885b000 GCTaskThread "GC Thread#0" [stack: 0x000000f29d400000,0x000000f29d500000] [id=11036]
  0x00000202732f6000 GCTaskThread "GC Thread#1" [stack: 0x000000f29e500000,0x000000f29e600000] [id=11424]
  0x000002027330d000 GCTaskThread "GC Thread#2" [stack: 0x000000f29e600000,0x000000f29e700000] [id=11376]
  0x00000202760e7000 GCTaskThread "GC Thread#3" [stack: 0x000000f29e800000,0x000000f29e900000] [id=12020]
  0x000002025888c000 ConcurrentGCThread "G1 Main Marker" [stack: 0x000000f29d500000,0x000000f29d600000] [id=9740]
  0x000002025888e800 ConcurrentGCThread "G1 Conc#0" [stack: 0x000000f29d600000,0x000000f29d700000] [id=2160]
  0x000002025890d800 ConcurrentGCThread "G1 Refine#0" [stack: 0x000000f29d700000,0x000000f29d800000] [id=11492]
  0x0000020274087800 ConcurrentGCThread "G1 Refine#1" [stack: 0x000000f29e700000,0x000000f29e800000] [id=11448]
  0x00000202760fc000 ConcurrentGCThread "G1 Refine#2" [stack: 0x000000f29e900000,0x000000f29ea00000] [id=2984]
  0x000002025890e800 ConcurrentGCThread "G1 Young RemSet Sampling" [stack: 0x000000f29d800000,0x000000f29d900000] [id=4520]

Threads with active compile tasks:
C2 CompilerThread0    25804 9004       4       org.jetbrains.kotlin.utils.SmartSet::add (216 bytes)
C2 CompilerThread1    25804 9053       4       kotlin.collections.ArraysKt___ArraysKt::toCollection (45 bytes)

VM state:at safepoint (normal execution)

VM Mutex/Monitor currently owned by a thread:  ([mutex/lock_event])
[0x000002025883ceb0] Threads_lock - owner thread: 0x000002027239a800
[0x000002025883e890] Heap_lock - owner thread: 0x0000020258841000

Heap address: 0x0000000081800000, size: 2024 MB, Compressed Oops mode: 32-bit
Narrow klass base: 0x0000000000000000, Narrow klass shift: 3
Compressed class space size: 1073741824 Address: 0x0000000100000000

Heap:
 garbage-first heap   total 240640K, used 83471K [0x0000000081800000, 0x0000000100000000)
  region size 1024K, 4 young (4096K), 4 survivors (4096K)
 Metaspace       used 77425K, capacity 78219K, committed 78416K, reserved 1118208K
  class space    used 8588K, capacity 8935K, committed 9084K, reserved 1048576K
Heap Regions: E=young(eden), S=young(survivor), O=old, HS=humongous(starts), HC=humongous(continues), CS=collection set, F=free, A=archive, TAMS=top-at-mark-start (previous, next)
|   0|0x0000000081800000, 0x0000000081900000, 0x0000000081900000|100%|HS|  |TAMS 0x0000000081900000, 0x0000000081800000| Complete 
|   1|0x0000000081900000, 0x0000000081a00000, 0x0000000081a00000|100%|HC|  |TAMS 0x0000000081a00000, 0x0000000081900000| Complete 
|   2|0x0000000081a00000, 0x0000000081b00000, 0x0000000081b00000|100%|HC|  |TAMS 0x0000000081b00000, 0x0000000081a00000| Complete 
|   3|0x0000000081b00000, 0x0000000081c00000, 0x0000000081c00000|100%|HC|  |TAMS 0x0000000081c00000, 0x0000000081b00000| Complete 
|   4|0x0000000081c00000, 0x0000000081d00000, 0x0000000081d00000|100%| O|  |TAMS 0x0000000081d00000, 0x0000000081c00000| Untracked 
|   5|0x0000000081d00000, 0x0000000081e00000, 0x0000000081e00000|100%| O|  |TAMS 0x0000000081e00000, 0x0000000081d00000| Untracked 
|   6|0x0000000081e00000, 0x0000000081f00000, 0x0000000081f00000|100%|HS|  |TAMS 0x0000000081f00000, 0x0000000081e00000| Complete 
|   7|0x0000000081f00000, 0x0000000082000000, 0x0000000082000000|100%|HC|  |TAMS 0x0000000082000000, 0x0000000081f00000| Complete 
|   8|0x0000000082000000, 0x0000000082100000, 0x0000000082100000|100%|HC|  |TAMS 0x0000000082100000, 0x0000000082000000| Complete 
|   9|0x0000000082100000, 0x0000000082200000, 0x0000000082200000|100%|HC|  |TAMS 0x0000000082200000, 0x0000000082100000| Complete 
|  10|0x0000000082200000, 0x0000000082300000, 0x0000000082300000|100%| O|  |TAMS 0x0000000082300000, 0x0000000082200000| Untracked 
|  11|0x0000000082300000, 0x0000000082400000, 0x0000000082400000|100%| O|  |TAMS 0x0000000082400000, 0x0000000082300000| Untracked 
|  12|0x0000000082400000, 0x0000000082500000, 0x0000000082500000|100%| O|  |TAMS 0x0000000082500000, 0x0000000082400000| Untracked 
|  13|0x0000000082500000, 0x0000000082600000, 0x0000000082600000|100%| O|  |TAMS 0x0000000082600000, 0x0000000082500000| Untracked 
|  14|0x0000000082600000, 0x0000000082700000, 0x0000000082700000|100%| O|  |TAMS 0x0000000082700000, 0x0000000082600000| Untracked 
|  15|0x0000000082700000, 0x0000000082800000, 0x0000000082800000|100%|HS|  |TAMS 0x0000000082800000, 0x0000000082700000| Complete 
|  16|0x0000000082800000, 0x0000000082900000, 0x0000000082900000|100%|HC|  |TAMS 0x0000000082900000, 0x0000000082800000| Complete 
|  17|0x0000000082900000, 0x0000000082a00000, 0x0000000082a00000|100%| O|  |TAMS 0x0000000082a00000, 0x0000000082900000| Untracked 
|  18|0x0000000082a00000, 0x0000000082b00000, 0x0000000082b00000|100%| O|  |TAMS 0x0000000082b00000, 0x0000000082a00000| Untracked 
|  19|0x0000000082b00000, 0x0000000082c00000, 0x0000000082c00000|100%| O|  |TAMS 0x0000000082c00000, 0x0000000082b00000| Untracked 
|  20|0x0000000082c00000, 0x0000000082d00000, 0x0000000082d00000|100%| O|  |TAMS 0x0000000082d00000, 0x0000000082c00000| Untracked 
|  21|0x0000000082d00000, 0x0000000082e00000, 0x0000000082e00000|100%| O|  |TAMS 0x0000000082e00000, 0x0000000082d00000| Untracked 
|  22|0x0000000082e00000, 0x0000000082f00000, 0x0000000082f00000|100%| O|  |TAMS 0x0000000082f00000, 0x0000000082e00000| Untracked 
|  23|0x0000000082f00000, 0x0000000083000000, 0x0000000083000000|100%| O|  |TAMS 0x0000000083000000, 0x0000000082f00000| Untracked 
|  24|0x0000000083000000, 0x0000000083100000, 0x0000000083100000|100%| O|  |TAMS 0x0000000083100000, 0x0000000083000000| Untracked 
|  25|0x0000000083100000, 0x0000000083200000, 0x0000000083200000|100%| O|  |TAMS 0x0000000083200000, 0x0000000083100000| Untracked 
|  26|0x0000000083200000, 0x0000000083300000, 0x0000000083300000|100%| O|  |TAMS 0x0000000083300000, 0x0000000083200000| Untracked 
|  27|0x0000000083300000, 0x0000000083400000, 0x0000000083400000|100%| O|  |TAMS 0x0000000083400000, 0x0000000083300000| Untracked 
|  28|0x0000000083400000, 0x0000000083500000, 0x0000000083500000|100%| O|  |TAMS 0x0000000083500000, 0x0000000083400000| Untracked 
|  29|0x0000000083500000, 0x0000000083600000, 0x0000000083600000|100%| O|  |TAMS 0x0000000083600000, 0x0000000083500000| Untracked 
|  30|0x0000000083600000, 0x0000000083700000, 0x0000000083700000|100%| O|  |TAMS 0x0000000083700000, 0x0000000083600000| Untracked 
|  31|0x0000000083700000, 0x0000000083800000, 0x0000000083800000|100%| O|  |TAMS 0x0000000083800000, 0x0000000083700000| Untracked 
|  32|0x0000000083800000, 0x0000000083900000, 0x0000000083900000|100%| O|  |TAMS 0x0000000083900000, 0x0000000083800000| Untracked 
|  33|0x0000000083900000, 0x0000000083a00000, 0x0000000083a00000|100%| O|  |TAMS 0x0000000083a00000, 0x0000000083900000| Untracked 
|  34|0x0000000083a00000, 0x0000000083b00000, 0x0000000083b00000|100%| O|  |TAMS 0x0000000083b00000, 0x0000000083a00000| Untracked 
|  35|0x0000000083b00000, 0x0000000083c00000, 0x0000000083c00000|100%| O|  |TAMS 0x0000000083c00000, 0x0000000083b00000| Untracked 
|  36|0x0000000083c00000, 0x0000000083d00000, 0x0000000083d00000|100%| O|  |TAMS 0x0000000083d00000, 0x0000000083c00000| Untracked 
|  37|0x0000000083d00000, 0x0000000083e00000, 0x0000000083e00000|100%| O|  |TAMS 0x0000000083e00000, 0x0000000083d00000| Untracked 
|  38|0x0000000083e00000, 0x0000000083f00000, 0x0000000083f00000|100%| O|  |TAMS 0x0000000083f00000, 0x0000000083e00000| Untracked 
|  39|0x0000000083f00000, 0x0000000084000000, 0x0000000084000000|100%| O|  |TAMS 0x0000000084000000, 0x0000000083f00000| Untracked 
|  40|0x0000000084000000, 0x0000000084100000, 0x0000000084100000|100%| O|  |TAMS 0x0000000084100000, 0x0000000084000000| Untracked 
|  41|0x0000000084100000, 0x0000000084200000, 0x0000000084200000|100%| O|  |TAMS 0x0000000084200000, 0x0000000084100000| Untracked 
|  42|0x0000000084200000, 0x0000000084300000, 0x0000000084300000|100%| O|  |TAMS 0x0000000084300000, 0x0000000084200000| Untracked 
|  43|0x0000000084300000, 0x0000000084400000, 0x0000000084400000|100%| O|  |TAMS 0x0000000084400000, 0x0000000084300000| Untracked 
|  44|0x0000000084400000, 0x0000000084500000, 0x0000000084500000|100%| O|  |TAMS 0x0000000084500000, 0x0000000084400000| Untracked 
|  45|0x0000000084500000, 0x0000000084600000, 0x0000000084600000|100%| O|  |TAMS 0x0000000084600000, 0x0000000084500000| Untracked 
|  46|0x0000000084600000, 0x0000000084700000, 0x0000000084700000|100%| O|  |TAMS 0x0000000084700000, 0x0000000084600000| Untracked 
|  47|0x0000000084700000, 0x0000000084800000, 0x0000000084800000|100%| O|  |TAMS 0x0000000084800000, 0x0000000084700000| Untracked 
|  48|0x0000000084800000, 0x0000000084900000, 0x0000000084900000|100%| O|  |TAMS 0x0000000084900000, 0x0000000084800000| Untracked 
|  49|0x0000000084900000, 0x0000000084a00000, 0x0000000084a00000|100%| O|  |TAMS 0x0000000084a00000, 0x0000000084900000| Untracked 
|  50|0x0000000084a00000, 0x0000000084b00000, 0x0000000084b00000|100%| O|  |TAMS 0x0000000084b00000, 0x0000000084a00000| Untracked 
|  51|0x0000000084b00000, 0x0000000084c00000, 0x0000000084c00000|100%| O|  |TAMS 0x0000000084c00000, 0x0000000084b00000| Untracked 
|  52|0x0000000084c00000, 0x0000000084d00000, 0x0000000084d00000|100%| O|  |TAMS 0x0000000084d00000, 0x0000000084c00000| Untracked 
|  53|0x0000000084d00000, 0x0000000084e00000, 0x0000000084e00000|100%| O|  |TAMS 0x0000000084e00000, 0x0000000084d00000| Untracked 
|  54|0x0000000084e00000, 0x0000000084f00000, 0x0000000084f00000|100%| O|  |TAMS 0x0000000084f00000, 0x0000000084e00000| Untracked 
|  55|0x0000000084f00000, 0x0000000085000000, 0x0000000085000000|100%| O|  |TAMS 0x0000000085000000, 0x0000000084f00000| Untracked 
|  56|0x0000000085000000, 0x0000000085100000, 0x0000000085100000|100%| O|  |TAMS 0x0000000085100000, 0x0000000085000000| Untracked 
|  57|0x0000000085100000, 0x0000000085200000, 0x0000000085200000|100%| O|  |TAMS 0x00000000851b2e00, 0x0000000085100000| Untracked 
|  58|0x0000000085200000, 0x0000000085300000, 0x0000000085300000|100%| O|  |TAMS 0x0000000085200000, 0x0000000085200000| Untracked 
|  59|0x0000000085300000, 0x0000000085400000, 0x0000000085400000|100%| O|  |TAMS 0x0000000085300000, 0x0000000085300000| Untracked 
|  60|0x0000000085400000, 0x0000000085500000, 0x0000000085500000|100%| O|  |TAMS 0x0000000085400000, 0x0000000085400000| Untracked 
|  61|0x0000000085500000, 0x0000000085600000, 0x0000000085600000|100%| O|  |TAMS 0x0000000085500000, 0x0000000085500000| Untracked 
|  62|0x0000000085600000, 0x0000000085700000, 0x0000000085700000|100%| O|  |TAMS 0x0000000085600000, 0x0000000085600000| Untracked 
|  63|0x0000000085700000, 0x0000000085800000, 0x0000000085800000|100%| O|  |TAMS 0x0000000085700000, 0x0000000085700000| Untracked 
|  64|0x0000000085800000, 0x0000000085900000, 0x0000000085900000|100%| O|  |TAMS 0x0000000085800000, 0x0000000085800000| Untracked 
|  65|0x0000000085900000, 0x0000000085a00000, 0x0000000085a00000|100%| O|  |TAMS 0x0000000085900000, 0x0000000085900000| Untracked 
|  66|0x0000000085a00000, 0x0000000085b00000, 0x0000000085b00000|100%| O|  |TAMS 0x0000000085a00000, 0x0000000085a00000| Untracked 
|  67|0x0000000085b00000, 0x0000000085c00000, 0x0000000085c00000|100%| O|  |TAMS 0x0000000085b00000, 0x0000000085b00000| Untracked 
|  68|0x0000000085c00000, 0x0000000085d00000, 0x0000000085d00000|100%| O|  |TAMS 0x0000000085c00000, 0x0000000085c00000| Untracked 
|  69|0x0000000085d00000, 0x0000000085e00000, 0x0000000085e00000|100%| O|  |TAMS 0x0000000085d00000, 0x0000000085d00000| Untracked 
|  70|0x0000000085e00000, 0x0000000085f00000, 0x0000000085f00000|100%| O|  |TAMS 0x0000000085e00000, 0x0000000085e00000| Untracked 
|  71|0x0000000085f00000, 0x0000000086000000, 0x0000000086000000|100%| O|  |TAMS 0x0000000085f00000, 0x0000000085f00000| Untracked 
|  72|0x0000000086000000, 0x0000000086100000, 0x0000000086100000|100%| O|  |TAMS 0x0000000086000000, 0x0000000086000000| Untracked 
|  73|0x0000000086100000, 0x0000000086200000, 0x0000000086200000|100%| O|  |TAMS 0x0000000086100000, 0x0000000086100000| Untracked 
|  74|0x0000000086200000, 0x0000000086300000, 0x0000000086300000|100%| O|  |TAMS 0x0000000086200000, 0x0000000086200000| Untracked 
|  75|0x0000000086300000, 0x0000000086400000, 0x0000000086400000|100%| O|  |TAMS 0x0000000086300000, 0x0000000086300000| Untracked 
|  76|0x0000000086400000, 0x0000000086500000, 0x0000000086500000|100%| O|  |TAMS 0x0000000086400000, 0x0000000086400000| Untracked 
|  77|0x0000000086500000, 0x00000000865cd800, 0x0000000086600000| 80%| O|  |TAMS 0x0000000086500000, 0x0000000086500000| Untracked 
|  78|0x0000000086600000, 0x0000000086600000, 0x0000000086700000|  0%| F|  |TAMS 0x0000000086600000, 0x0000000086600000| Untracked 
|  79|0x0000000086700000, 0x0000000086700000, 0x0000000086800000|  0%| F|  |TAMS 0x0000000086700000, 0x0000000086700000| Untracked 
|  80|0x0000000086800000, 0x0000000086800000, 0x0000000086900000|  0%| F|  |TAMS 0x0000000086800000, 0x0000000086800000| Untracked 
|  81|0x0000000086900000, 0x0000000086900000, 0x0000000086a00000|  0%| F|  |TAMS 0x0000000086900000, 0x0000000086900000| Untracked 
|  82|0x0000000086a00000, 0x0000000086a00000, 0x0000000086b00000|  0%| F|  |TAMS 0x0000000086a00000, 0x0000000086a00000| Untracked 
|  83|0x0000000086b00000, 0x0000000086b00000, 0x0000000086c00000|  0%| F|  |TAMS 0x0000000086b00000, 0x0000000086b00000| Untracked 
|  84|0x0000000086c00000, 0x0000000086c00000, 0x0000000086d00000|  0%| F|  |TAMS 0x0000000086c00000, 0x0000000086c00000| Untracked 
|  85|0x0000000086d00000, 0x0000000086d00000, 0x0000000086e00000|  0%| F|  |TAMS 0x0000000086d00000, 0x0000000086d00000| Untracked 
|  86|0x0000000086e00000, 0x0000000086e00000, 0x0000000086f00000|  0%| F|  |TAMS 0x0000000086e00000, 0x0000000086e00000| Untracked 
|  87|0x0000000086f00000, 0x0000000086f00000, 0x0000000087000000|  0%| F|  |TAMS 0x0000000086f00000, 0x0000000086f00000| Untracked 
|  88|0x0000000087000000, 0x0000000087000000, 0x0000000087100000|  0%| F|  |TAMS 0x0000000087000000, 0x0000000087000000| Untracked 
|  89|0x0000000087100000, 0x0000000087100000, 0x0000000087200000|  0%| F|  |TAMS 0x0000000087100000, 0x0000000087100000| Untracked 
|  90|0x0000000087200000, 0x0000000087200000, 0x0000000087300000|  0%| F|  |TAMS 0x0000000087200000, 0x0000000087200000| Untracked 
|  91|0x0000000087300000, 0x0000000087300000, 0x0000000087400000|  0%| F|  |TAMS 0x0000000087300000, 0x0000000087300000| Untracked 
|  92|0x0000000087400000, 0x0000000087400000, 0x0000000087500000|  0%| F|  |TAMS 0x0000000087400000, 0x0000000087400000| Untracked 
|  93|0x0000000087500000, 0x0000000087500000, 0x0000000087600000|  0%| F|  |TAMS 0x0000000087500000, 0x0000000087500000| Untracked 
|  94|0x0000000087600000, 0x0000000087600000, 0x0000000087700000|  0%| F|  |TAMS 0x0000000087600000, 0x0000000087600000| Untracked 
|  95|0x0000000087700000, 0x0000000087700000, 0x0000000087800000|  0%| F|  |TAMS 0x0000000087700000, 0x0000000087700000| Untracked 
|  96|0x0000000087800000, 0x0000000087800000, 0x0000000087900000|  0%| F|  |TAMS 0x0000000087800000, 0x0000000087800000| Untracked 
|  97|0x0000000087900000, 0x0000000087900000, 0x0000000087a00000|  0%| F|  |TAMS 0x0000000087900000, 0x0000000087900000| Untracked 
|  98|0x0000000087a00000, 0x0000000087a00000, 0x0000000087b00000|  0%| F|  |TAMS 0x0000000087a00000, 0x0000000087a00000| Untracked 
|  99|0x0000000087b00000, 0x0000000087b00000, 0x0000000087c00000|  0%| F|  |TAMS 0x0000000087b00000, 0x0000000087b00000| Untracked 
| 100|0x0000000087c00000, 0x0000000087c00000, 0x0000000087d00000|  0%| F|  |TAMS 0x0000000087c00000, 0x0000000087c00000| Untracked 
| 101|0x0000000087d00000, 0x0000000087d00000, 0x0000000087e00000|  0%| F|  |TAMS 0x0000000087d00000, 0x0000000087d00000| Untracked 
| 102|0x0000000087e00000, 0x0000000087e00000, 0x0000000087f00000|  0%| F|  |TAMS 0x0000000087e00000, 0x0000000087e00000| Untracked 
| 103|0x0000000087f00000, 0x0000000087f00000, 0x0000000088000000|  0%| F|  |TAMS 0x0000000087f00000, 0x0000000087f00000| Untracked 
| 104|0x0000000088000000, 0x0000000088000000, 0x0000000088100000|  0%| F|  |TAMS 0x0000000088000000, 0x0000000088000000| Untracked 
| 105|0x0000000088100000, 0x0000000088100000, 0x0000000088200000|  0%| F|  |TAMS 0x0000000088100000, 0x0000000088100000| Untracked 
| 106|0x0000000088200000, 0x0000000088200000, 0x0000000088300000|  0%| F|  |TAMS 0x0000000088200000, 0x0000000088200000| Untracked 
| 107|0x0000000088300000, 0x0000000088300000, 0x0000000088400000|  0%| F|  |TAMS 0x0000000088300000, 0x0000000088300000| Untracked 
| 108|0x0000000088400000, 0x0000000088400000, 0x0000000088500000|  0%| F|  |TAMS 0x0000000088400000, 0x0000000088400000| Untracked 
| 109|0x0000000088500000, 0x0000000088500000, 0x0000000088600000|  0%| F|  |TAMS 0x0000000088500000, 0x0000000088500000| Untracked 
| 110|0x0000000088600000, 0x0000000088600000, 0x0000000088700000|  0%| F|  |TAMS 0x0000000088600000, 0x0000000088600000| Untracked 
| 111|0x0000000088700000, 0x0000000088700000, 0x0000000088800000|  0%| F|  |TAMS 0x0000000088700000, 0x0000000088700000| Untracked 
| 112|0x0000000088800000, 0x0000000088800000, 0x0000000088900000|  0%| F|  |TAMS 0x0000000088800000, 0x0000000088800000| Untracked 
| 113|0x0000000088900000, 0x0000000088900000, 0x0000000088a00000|  0%| F|  |TAMS 0x0000000088900000, 0x0000000088900000| Untracked 
| 114|0x0000000088a00000, 0x0000000088a00000, 0x0000000088b00000|  0%| F|  |TAMS 0x0000000088a00000, 0x0000000088a00000| Untracked 
| 115|0x0000000088b00000, 0x0000000088b00000, 0x0000000088c00000|  0%| F|  |TAMS 0x0000000088b00000, 0x0000000088b00000| Untracked 
| 116|0x0000000088c00000, 0x0000000088c00000, 0x0000000088d00000|  0%| F|  |TAMS 0x0000000088c00000, 0x0000000088c00000| Untracked 
| 117|0x0000000088d00000, 0x0000000088d00000, 0x0000000088e00000|  0%| F|  |TAMS 0x0000000088d00000, 0x0000000088d00000| Untracked 
| 118|0x0000000088e00000, 0x0000000088e00000, 0x0000000088f00000|  0%| F|  |TAMS 0x0000000088e00000, 0x0000000088e00000| Untracked 
| 119|0x0000000088f00000, 0x0000000088f00000, 0x0000000089000000|  0%| F|  |TAMS 0x0000000088f00000, 0x0000000088f00000| Untracked 
| 120|0x0000000089000000, 0x0000000089000000, 0x0000000089100000|  0%| F|  |TAMS 0x0000000089000000, 0x0000000089000000| Untracked 
| 121|0x0000000089100000, 0x0000000089100000, 0x0000000089200000|  0%| F|  |TAMS 0x0000000089100000, 0x0000000089100000| Untracked 
| 122|0x0000000089200000, 0x0000000089200000, 0x0000000089300000|  0%| F|  |TAMS 0x0000000089200000, 0x0000000089200000| Untracked 
| 123|0x0000000089300000, 0x0000000089300000, 0x0000000089400000|  0%| F|  |TAMS 0x0000000089300000, 0x0000000089300000| Untracked 
| 124|0x0000000089400000, 0x0000000089400000, 0x0000000089500000|  0%| F|  |TAMS 0x0000000089400000, 0x0000000089400000| Untracked 
| 125|0x0000000089500000, 0x0000000089500000, 0x0000000089600000|  0%| F|  |TAMS 0x0000000089500000, 0x0000000089500000| Untracked 
| 126|0x0000000089600000, 0x0000000089600000, 0x0000000089700000|  0%| F|  |TAMS 0x0000000089600000, 0x0000000089600000| Untracked 
| 127|0x0000000089700000, 0x0000000089700000, 0x0000000089800000|  0%| F|  |TAMS 0x0000000089700000, 0x0000000089700000| Untracked 
| 128|0x0000000089800000, 0x0000000089800000, 0x0000000089900000|  0%| F|  |TAMS 0x0000000089800000, 0x0000000089800000| Untracked 
| 129|0x0000000089900000, 0x0000000089900000, 0x0000000089a00000|  0%| F|  |TAMS 0x0000000089900000, 0x0000000089900000| Untracked 
| 130|0x0000000089a00000, 0x0000000089a00000, 0x0000000089b00000|  0%| F|  |TAMS 0x0000000089a00000, 0x0000000089a00000| Untracked 
| 131|0x0000000089b00000, 0x0000000089bb6400, 0x0000000089c00000| 71%| S|CS|TAMS 0x0000000089b00000, 0x0000000089b00000| Complete 
| 132|0x0000000089c00000, 0x0000000089d00000, 0x0000000089d00000|100%| S|CS|TAMS 0x0000000089c00000, 0x0000000089c00000| Complete 
| 133|0x0000000089d00000, 0x0000000089e00000, 0x0000000089e00000|100%| S|CS|TAMS 0x0000000089d00000, 0x0000000089d00000| Complete 
| 134|0x0000000089e00000, 0x0000000089f00000, 0x0000000089f00000|100%| S|CS|TAMS 0x0000000089e00000, 0x0000000089e00000| Complete 
| 135|0x0000000089f00000, 0x0000000089f00000, 0x000000008a000000|  0%| F|  |TAMS 0x0000000089f00000, 0x0000000089f00000| Untracked 
| 136|0x000000008a000000, 0x000000008a000000, 0x000000008a100000|  0%| F|  |TAMS 0x000000008a000000, 0x000000008a000000| Untracked 
| 137|0x000000008a100000, 0x000000008a100000, 0x000000008a200000|  0%| F|  |TAMS 0x000000008a100000, 0x000000008a100000| Untracked 
| 138|0x000000008a200000, 0x000000008a200000, 0x000000008a300000|  0%| F|  |TAMS 0x000000008a200000, 0x000000008a200000| Untracked 
| 139|0x000000008a300000, 0x000000008a300000, 0x000000008a400000|  0%| F|  |TAMS 0x000000008a300000, 0x000000008a300000| Untracked 
| 140|0x000000008a400000, 0x000000008a400000, 0x000000008a500000|  0%| F|  |TAMS 0x000000008a400000, 0x000000008a400000| Untracked 
| 141|0x000000008a500000, 0x000000008a500000, 0x000000008a600000|  0%| F|  |TAMS 0x000000008a500000, 0x000000008a500000| Untracked 
| 142|0x000000008a600000, 0x000000008a600000, 0x000000008a700000|  0%| F|  |TAMS 0x000000008a600000, 0x000000008a600000| Untracked 
| 143|0x000000008a700000, 0x000000008a700000, 0x000000008a800000|  0%| F|  |TAMS 0x000000008a700000, 0x000000008a700000| Untracked 
| 144|0x000000008a800000, 0x000000008a800000, 0x000000008a900000|  0%| F|  |TAMS 0x000000008a800000, 0x000000008a800000| Untracked 
| 145|0x000000008a900000, 0x000000008a900000, 0x000000008aa00000|  0%| F|  |TAMS 0x000000008a900000, 0x000000008a900000| Untracked 
| 146|0x000000008aa00000, 0x000000008aa00000, 0x000000008ab00000|  0%| F|  |TAMS 0x000000008aa00000, 0x000000008aa00000| Untracked 
| 147|0x000000008ab00000, 0x000000008ab00000, 0x000000008ac00000|  0%| F|  |TAMS 0x000000008ab00000, 0x000000008ab00000| Untracked 
| 148|0x000000008ac00000, 0x000000008ac00000, 0x000000008ad00000|  0%| F|  |TAMS 0x000000008ac00000, 0x000000008ac00000| Untracked 
| 149|0x000000008ad00000, 0x000000008ad00000, 0x000000008ae00000|  0%| F|  |TAMS 0x000000008ad00000, 0x000000008ad00000| Untracked 
| 150|0x000000008ae00000, 0x000000008ae00000, 0x000000008af00000|  0%| F|  |TAMS 0x000000008ae00000, 0x000000008ae00000| Untracked 
| 151|0x000000008af00000, 0x000000008af00000, 0x000000008b000000|  0%| F|  |TAMS 0x000000008af00000, 0x000000008af00000| Untracked 
| 152|0x000000008b000000, 0x000000008b000000, 0x000000008b100000|  0%| F|  |TAMS 0x000000008b000000, 0x000000008b000000| Untracked 
| 153|0x000000008b100000, 0x000000008b100000, 0x000000008b200000|  0%| F|  |TAMS 0x000000008b100000, 0x000000008b100000| Untracked 
| 154|0x000000008b200000, 0x000000008b200000, 0x000000008b300000|  0%| F|  |TAMS 0x000000008b200000, 0x000000008b200000| Untracked 
| 155|0x000000008b300000, 0x000000008b300000, 0x000000008b400000|  0%| F|  |TAMS 0x000000008b300000, 0x000000008b300000| Untracked 
| 156|0x000000008b400000, 0x000000008b400000, 0x000000008b500000|  0%| F|  |TAMS 0x000000008b400000, 0x000000008b400000| Untracked 
| 157|0x000000008b500000, 0x000000008b500000, 0x000000008b600000|  0%| F|  |TAMS 0x000000008b500000, 0x000000008b500000| Untracked 
| 158|0x000000008b600000, 0x000000008b600000, 0x000000008b700000|  0%| F|  |TAMS 0x000000008b600000, 0x000000008b600000| Untracked 
| 159|0x000000008b700000, 0x000000008b700000, 0x000000008b800000|  0%| F|  |TAMS 0x000000008b700000, 0x000000008b700000| Untracked 
| 160|0x000000008b800000, 0x000000008b800000, 0x000000008b900000|  0%| F|  |TAMS 0x000000008b800000, 0x000000008b800000| Untracked 
| 161|0x000000008b900000, 0x000000008b900000, 0x000000008ba00000|  0%| F|  |TAMS 0x000000008b900000, 0x000000008b900000| Untracked 
| 162|0x000000008ba00000, 0x000000008ba00000, 0x000000008bb00000|  0%| F|  |TAMS 0x000000008ba00000, 0x000000008ba00000| Untracked 
| 163|0x000000008bb00000, 0x000000008bb00000, 0x000000008bc00000|  0%| F|  |TAMS 0x000000008bb00000, 0x000000008bb00000| Untracked 
| 164|0x000000008bc00000, 0x000000008bc00000, 0x000000008bd00000|  0%| F|  |TAMS 0x000000008bc00000, 0x000000008bc00000| Untracked 
| 165|0x000000008bd00000, 0x000000008bd00000, 0x000000008be00000|  0%| F|  |TAMS 0x000000008bd00000, 0x000000008bd00000| Untracked 
| 166|0x000000008be00000, 0x000000008be00000, 0x000000008bf00000|  0%| F|  |TAMS 0x000000008be00000, 0x000000008be00000| Untracked 
| 167|0x000000008bf00000, 0x000000008bf00000, 0x000000008c000000|  0%| F|  |TAMS 0x000000008bf00000, 0x000000008bf00000| Untracked 
| 168|0x000000008c000000, 0x000000008c000000, 0x000000008c100000|  0%| F|  |TAMS 0x000000008c000000, 0x000000008c000000| Untracked 
| 169|0x000000008c100000, 0x000000008c100000, 0x000000008c200000|  0%| F|  |TAMS 0x000000008c100000, 0x000000008c100000| Untracked 
| 170|0x000000008c200000, 0x000000008c200000, 0x000000008c300000|  0%| F|  |TAMS 0x000000008c200000, 0x000000008c200000| Untracked 
| 171|0x000000008c300000, 0x000000008c300000, 0x000000008c400000|  0%| F|  |TAMS 0x000000008c300000, 0x000000008c300000| Untracked 
| 172|0x000000008c400000, 0x000000008c400000, 0x000000008c500000|  0%| F|  |TAMS 0x000000008c400000, 0x000000008c400000| Untracked 
| 173|0x000000008c500000, 0x000000008c500000, 0x000000008c600000|  0%| F|  |TAMS 0x000000008c500000, 0x000000008c500000| Untracked 
| 174|0x000000008c600000, 0x000000008c600000, 0x000000008c700000|  0%| F|  |TAMS 0x000000008c600000, 0x000000008c600000| Untracked 
| 175|0x000000008c700000, 0x000000008c700000, 0x000000008c800000|  0%| F|  |TAMS 0x000000008c700000, 0x000000008c700000| Untracked 
| 176|0x000000008c800000, 0x000000008c800000, 0x000000008c900000|  0%| F|  |TAMS 0x000000008c800000, 0x000000008c800000| Untracked 
| 177|0x000000008c900000, 0x000000008c900000, 0x000000008ca00000|  0%| F|  |TAMS 0x000000008c900000, 0x000000008c900000| Untracked 
| 178|0x000000008ca00000, 0x000000008ca00000, 0x000000008cb00000|  0%| F|  |TAMS 0x000000008ca00000, 0x000000008ca00000| Untracked 
| 179|0x000000008cb00000, 0x000000008cb00000, 0x000000008cc00000|  0%| F|  |TAMS 0x000000008cb00000, 0x000000008cb00000| Untracked 
| 180|0x000000008cc00000, 0x000000008cc00000, 0x000000008cd00000|  0%| F|  |TAMS 0x000000008cc00000, 0x000000008cc00000| Untracked 
| 181|0x000000008cd00000, 0x000000008cd00000, 0x000000008ce00000|  0%| F|  |TAMS 0x000000008cd00000, 0x000000008cd00000| Untracked 
| 182|0x000000008ce00000, 0x000000008ce00000, 0x000000008cf00000|  0%| F|  |TAMS 0x000000008ce00000, 0x000000008ce00000| Untracked 
| 183|0x000000008cf00000, 0x000000008cf00000, 0x000000008d000000|  0%| F|  |TAMS 0x000000008cf00000, 0x000000008cf00000| Untracked 
| 184|0x000000008d000000, 0x000000008d000000, 0x000000008d100000|  0%| F|  |TAMS 0x000000008d000000, 0x000000008d000000| Untracked 
| 185|0x000000008d100000, 0x000000008d100000, 0x000000008d200000|  0%| F|  |TAMS 0x000000008d100000, 0x000000008d100000| Untracked 
| 186|0x000000008d200000, 0x000000008d200000, 0x000000008d300000|  0%| F|  |TAMS 0x000000008d200000, 0x000000008d200000| Untracked 
| 187|0x000000008d300000, 0x000000008d300000, 0x000000008d400000|  0%| F|  |TAMS 0x000000008d300000, 0x000000008d300000| Untracked 
| 188|0x000000008d400000, 0x000000008d400000, 0x000000008d500000|  0%| F|  |TAMS 0x000000008d400000, 0x000000008d400000| Untracked 
| 189|0x000000008d500000, 0x000000008d500000, 0x000000008d600000|  0%| F|  |TAMS 0x000000008d500000, 0x000000008d500000| Untracked 
| 190|0x000000008d600000, 0x000000008d600000, 0x000000008d700000|  0%| F|  |TAMS 0x000000008d600000, 0x000000008d600000| Untracked 
| 191|0x000000008d700000, 0x000000008d700000, 0x000000008d800000|  0%| F|  |TAMS 0x000000008d700000, 0x000000008d700000| Untracked 
| 192|0x000000008d800000, 0x000000008d800000, 0x000000008d900000|  0%| F|  |TAMS 0x000000008d800000, 0x000000008d800000| Untracked 
| 193|0x000000008d900000, 0x000000008d900000, 0x000000008da00000|  0%| F|  |TAMS 0x000000008d900000, 0x000000008d900000| Untracked 
| 194|0x000000008da00000, 0x000000008da00000, 0x000000008db00000|  0%| F|  |TAMS 0x000000008da00000, 0x000000008da00000| Untracked 

Card table byte_map: [0x000002026b760000,0x000002026bb60000] _byte_map_base: 0x000002026b354000

Marking Bits (Prev, Next): (CMBitMap*) 0x00000202588833a8, (CMBitMap*) 0x00000202588833e0
 Prev Bits: [0x000002026bf60000, 0x000002026df00000)
 Next Bits: [0x000002026df00000, 0x000002026fea0000)

Polling page: 0x0000020256670000

Metaspace:

Usage:
  Non-class:     67.66 MB capacity,    67.22 MB (>99%) used,   326.62 KB ( <1%) free+waste,   120.56 KB ( <1%) overhead. 
      Class:      8.73 MB capacity,     8.39 MB ( 96%) used,   294.82 KB (  3%) free+waste,    51.31 KB ( <1%) overhead. 
       Both:     76.39 MB capacity,    75.61 MB ( 99%) used,   621.45 KB ( <1%) free+waste,   171.88 KB ( <1%) overhead. 

Virtual space:
  Non-class space:       68.00 MB reserved,      67.71 MB (>99%) committed 
      Class space:        1.00 GB reserved,       8.87 MB ( <1%) committed 
             Both:        1.07 GB reserved,      76.58 MB (  7%) committed 

Chunk freelists:
   Non-Class:  48.00 KB
       Class:  25.00 KB
        Both:  73.00 KB

MaxMetaspaceSize: 17179869184.00 GB
CompressedClassSpaceSize: 1.00 GB
Initial GC threshold: 20.80 MB
Current GC threshold: 112.84 MB
CDS: off

CodeHeap 'non-profiled nmethods': size=120064Kb used=4481Kb max_used=4481Kb free=115582Kb
 bounds [0x0000020263e20000, 0x0000020264290000, 0x000002026b360000]
CodeHeap 'profiled nmethods': size=120000Kb used=24195Kb max_used=24195Kb free=95804Kb
 bounds [0x000002025c8f0000, 0x000002025e0a0000, 0x0000020263e20000]
CodeHeap 'non-nmethods': size=5696Kb used=1380Kb max_used=1421Kb free=4315Kb
 bounds [0x000002025c360000, 0x000002025c5d0000, 0x000002025c8f0000]
 total_blobs=9606 nmethods=8925 adapters=590
 compilation: enabled
              stopped_count=0, restarted_count=0
 full_count=0

Compilation events (20 events):
Event: 25.455 Thread 0x00000202723c0800 9072       3       java.lang.String::hashCode (49 bytes)
Event: 25.456 Thread 0x00000202723c0800 nmethod 9072 0x000002025e083d90 code [0x000002025e083f80, 0x000002025e084388]
Event: 25.459 Thread 0x00000202723c0800 9075       3       org.jetbrains.kotlin.backend.jvm.mapping.IrTypeMapper::computeClassInternalName (299 bytes)
Event: 25.469 Thread 0x00000202723c0800 nmethod 9075 0x000002025e084510 code [0x000002025e084c60, 0x000002025e0887f8]
Event: 25.469 Thread 0x00000202723c0800 9081       3       java.util.EnumMap::isValidKey (36 bytes)
Event: 25.470 Thread 0x00000202723c0800 nmethod 9081 0x000002025e089c10 code [0x000002025e089de0, 0x000002025e08a048]
Event: 25.470 Thread 0x00000202723c0800 9079       3       org.jetbrains.kotlin.codegen.signature.AsmTypeFactory::toString (9 bytes)
Event: 25.471 Thread 0x00000202723c0800 nmethod 9079 0x000002025e08a110 code [0x000002025e08a360, 0x000002025e08aa98]
Event: 25.471 Thread 0x00000202723c0800 9080       3       org.jetbrains.kotlin.codegen.signature.AsmTypeFactory::toString (17 bytes)
Event: 25.472 Thread 0x00000202723c0800 nmethod 9080 0x000002025e08ad90 code [0x000002025e08afe0, 0x000002025e08b5d8]
Event: 25.494 Thread 0x00000202723c0800 9085       3       org.jetbrains.kotlin.types.FlexibleTypeBoundsChecker::getBaseBoundFqNameByMutability (35 bytes)
Event: 25.497 Thread 0x00000202723c0800 nmethod 9085 0x000002025e08b890 code [0x000002025e08bb80, 0x000002025e08c9e8]
Event: 25.603 Thread 0x00000202723c0800 9089       2       kotlin.text.StringsKt__StringsJVMKt::repeat (268 bytes)
Event: 25.608 Thread 0x00000202723c0800 nmethod 9089 0x000002025e08cf10 code [0x000002025e08d260, 0x000002025e08df08]
Event: 25.618 Thread 0x00000202723c0800 9090       2       org.jetbrains.kotlin.descriptors.impl.AbstractTypeParameterDescriptor::getUpperBounds (20 bytes)
Event: 25.620 Thread 0x00000202723c0800 nmethod 9090 0x000002025e08e610 code [0x000002025e08e800, 0x000002025e08ea78]
Event: 25.646 Thread 0x00000202723c0800 9091       2       org.jetbrains.kotlin.types.FlexibleTypeBoundsChecker::getBaseBoundFqNameByMutability (43 bytes)
Event: 25.649 Thread 0x00000202723c0800 nmethod 9091 0x000002025e08ec10 code [0x000002025e08ef00, 0x000002025e08f6c8]
Event: 25.671 Thread 0x00000202723c0800 9093       2       org.jetbrains.kotlin.types.model.TypeSystemContext$DefaultImpls::get (102 bytes)
Event: 25.675 Thread 0x00000202723c0800 nmethod 9093 0x000002025e08fc90 code [0x000002025e08ff80, 0x000002025e0908e8]

GC Heap History (20 events):
Event: 6.298 GC heap after
{Heap after GC invocations=5 (full 0):
 garbage-first heap   total 131072K, used 26895K [0x0000000081800000, 0x0000000100000000)
  region size 1024K, 7 young (7168K), 7 survivors (7168K)
 Metaspace       used 35473K, capacity 35885K, committed 36048K, reserved 1081344K
  class space    used 4346K, capacity 4534K, committed 4604K, reserved 1048576K
}
Event: 7.206 GC heap before
{Heap before GC invocations=6 (full 0):
 garbage-first heap   total 131072K, used 46351K [0x0000000081800000, 0x0000000100000000)
  region size 1024K, 26 young (26624K), 7 survivors (7168K)
 Metaspace       used 38886K, capacity 39275K, committed 39504K, reserved 1083392K
  class space    used 4700K, capacity 4893K, committed 4988K, reserved 1048576K
}
Event: 7.233 GC heap after
{Heap after GC invocations=7 (full 0):
 garbage-first heap   total 157696K, used 27380K [0x0000000081800000, 0x0000000100000000)
  region size 1024K, 3 young (3072K), 3 survivors (3072K)
 Metaspace       used 38886K, capacity 39275K, committed 39504K, reserved 1083392K
  class space    used 4700K, capacity 4893K, committed 4988K, reserved 1048576K
}
Event: 9.418 GC heap before
{Heap before GC invocations=7 (full 0):
 garbage-first heap   total 157696K, used 81652K [0x0000000081800000, 0x0000000100000000)
  region size 1024K, 53 young (54272K), 3 survivors (3072K)
 Metaspace       used 48112K, capacity 48591K, committed 48848K, reserved 1091584K
  class space    used 5620K, capacity 5844K, committed 5884K, reserved 1048576K
}
Event: 9.444 GC heap after
{Heap after GC invocations=8 (full 0):
 garbage-first heap   total 157696K, used 35840K [0x0000000081800000, 0x0000000100000000)
  region size 1024K, 7 young (7168K), 7 survivors (7168K)
 Metaspace       used 48112K, capacity 48591K, committed 48848K, reserved 1091584K
  class space    used 5620K, capacity 5844K, committed 5884K, reserved 1048576K
}
Event: 12.685 GC heap before
{Heap before GC invocations=8 (full 0):
 garbage-first heap   total 157696K, used 99328K [0x0000000081800000, 0x0000000100000000)
  region size 1024K, 69 young (70656K), 7 survivors (7168K)
 Metaspace       used 53604K, capacity 54168K, committed 54352K, reserved 1097728K
  class space    used 6118K, capacity 6378K, committed 6524K, reserved 1048576K
}
Event: 12.754 GC heap after
{Heap after GC invocations=9 (full 0):
 garbage-first heap   total 157696K, used 43994K [0x0000000081800000, 0x0000000100000000)
  region size 1024K, 8 young (8192K), 8 survivors (8192K)
 Metaspace       used 53604K, capacity 54168K, committed 54352K, reserved 1097728K
  class space    used 6118K, capacity 6378K, committed 6524K, reserved 1048576K
}
Event: 14.716 GC heap before
{Heap before GC invocations=9 (full 0):
 garbage-first heap   total 157696K, used 104410K [0x0000000081800000, 0x0000000100000000)
  region size 1024K, 67 young (68608K), 8 survivors (8192K)
 Metaspace       used 54091K, capacity 54635K, committed 54864K, reserved 1097728K
  class space    used 6134K, capacity 6382K, committed 6524K, reserved 1048576K
}
Event: 14.787 GC heap after
{Heap after GC invocations=10 (full 0):
 garbage-first heap   total 157696K, used 54272K [0x0000000081800000, 0x0000000100000000)
  region size 1024K, 9 young (9216K), 9 survivors (9216K)
 Metaspace       used 54091K, capacity 54635K, committed 54864K, reserved 1097728K
  class space    used 6134K, capacity 6382K, committed 6524K, reserved 1048576K
}
Event: 16.193 GC heap before
{Heap before GC invocations=10 (full 0):
 garbage-first heap   total 157696K, used 107520K [0x0000000081800000, 0x0000000100000000)
  region size 1024K, 61 young (62464K), 9 survivors (9216K)
 Metaspace       used 57099K, capacity 57693K, committed 57936K, reserved 1099776K
  class space    used 6455K, capacity 6699K, committed 6780K, reserved 1048576K
}
Event: 16.254 GC heap after
{Heap after GC invocations=11 (full 0):
 garbage-first heap   total 199680K, used 57856K [0x0000000081800000, 0x0000000100000000)
  region size 1024K, 3 young (3072K), 3 survivors (3072K)
 Metaspace       used 57099K, capacity 57693K, committed 57936K, reserved 1099776K
  class space    used 6455K, capacity 6699K, committed 6780K, reserved 1048576K
}
Event: 16.924 GC heap before
{Heap before GC invocations=11 (full 0):
 garbage-first heap   total 199680K, used 68096K [0x0000000081800000, 0x0000000100000000)
  region size 1024K, 14 young (14336K), 3 survivors (3072K)
 Metaspace       used 59737K, capacity 60341K, committed 60496K, reserved 1101824K
  class space    used 6894K, capacity 7179K, committed 7292K, reserved 1048576K
}
Event: 16.942 GC heap after
{Heap after GC invocations=12 (full 0):
 garbage-first heap   total 199680K, used 57577K [0x0000000081800000, 0x0000000100000000)
  region size 1024K, 3 young (3072K), 3 survivors (3072K)
 Metaspace       used 59737K, capacity 60341K, committed 60496K, reserved 1101824K
  class space    used 6894K, capacity 7179K, committed 7292K, reserved 1048576K
}
Event: 20.753 GC heap before
{Heap before GC invocations=13 (full 0):
 garbage-first heap   total 199680K, used 129257K [0x0000000081800000, 0x0000000100000000)
  region size 1024K, 73 young (74752K), 3 survivors (3072K)
 Metaspace       used 67432K, capacity 68180K, committed 68432K, reserved 1110016K
  class space    used 7656K, capacity 7999K, committed 8060K, reserved 1048576K
}
Event: 20.811 GC heap after
{Heap after GC invocations=14 (full 0):
 garbage-first heap   total 199680K, used 69323K [0x0000000081800000, 0x0000000100000000)
  region size 1024K, 10 young (10240K), 10 survivors (10240K)
 Metaspace       used 67432K, capacity 68180K, committed 68432K, reserved 1110016K
  class space    used 7656K, capacity 7999K, committed 8060K, reserved 1048576K
}
Event: 23.012 GC heap before
{Heap before GC invocations=15 (full 0):
 garbage-first heap   total 199680K, used 113355K [0x0000000081800000, 0x0000000100000000)
  region size 1024K, 53 young (54272K), 10 survivors (10240K)
 Metaspace       used 73696K, capacity 74423K, committed 74704K, reserved 1116160K
  class space    used 8271K, capacity 8608K, committed 8700K, reserved 1048576K
}
Event: 23.094 GC heap after
{Heap after GC invocations=16 (full 0):
 garbage-first heap   total 199680K, used 74598K [0x0000000081800000, 0x0000000100000000)
  region size 1024K, 5 young (5120K), 5 survivors (5120K)
 Metaspace       used 73696K, capacity 74423K, committed 74704K, reserved 1116160K
  class space    used 8271K, capacity 8608K, committed 8700K, reserved 1048576K
}
Event: 24.287 GC heap before
{Heap before GC invocations=16 (full 0):
 garbage-first heap   total 199680K, used 136038K [0x0000000081800000, 0x0000000100000000)
  region size 1024K, 65 young (66560K), 5 survivors (5120K)
 Metaspace       used 74648K, capacity 75395K, committed 75600K, reserved 1116160K
  class space    used 8357K, capacity 8676K, committed 8828K, reserved 1048576K
}
Event: 24.318 GC heap after
{Heap after GC invocations=17 (full 0):
 garbage-first heap   total 199680K, used 79872K [0x0000000081800000, 0x0000000100000000)
  region size 1024K, 5 young (5120K), 5 survivors (5120K)
 Metaspace       used 74648K, capacity 75395K, committed 75600K, reserved 1116160K
  class space    used 8357K, capacity 8676K, committed 8828K, reserved 1048576K
}
Event: 25.684 GC heap before
{Heap before GC invocations=17 (full 0):
 garbage-first heap   total 199680K, used 141312K [0x0000000081800000, 0x0000000100000000)
  region size 1024K, 65 young (66560K), 5 survivors (5120K)
 Metaspace       used 77425K, capacity 78219K, committed 78416K, reserved 1118208K
  class space    used 8588K, capacity 8935K, committed 9084K, reserved 1048576K
}

Deoptimization events (20 events):
Event: 25.346 Thread 0x0000020258841000 Uncommon trap: trap_request=0xffffff4d fr.pc=0x0000020263f683b0 relative=0x0000000000000090
Event: 25.346 Thread 0x0000020258841000 Uncommon trap: reason=unstable_if action=reinterpret pc=0x0000020263f683b0 method=java.lang.StringLatin1.lastIndexOf([BI[BII)I @ 32 c2
Event: 25.346 Thread 0x0000020258841000 DEOPT PACKING pc=0x0000020263f683b0 sp=0x000000f29d3fde60
Event: 25.346 Thread 0x0000020258841000 DEOPT UNPACKING pc=0x000002025c3aa1af sp=0x000000f29d3fddb8 mode 2
Event: 25.399 Thread 0x0000020258841000 Uncommon trap: trap_request=0xffffff4d fr.pc=0x000002026412c75c relative=0x00000000000002fc
Event: 25.399 Thread 0x0000020258841000 Uncommon trap: reason=unstable_if action=reinterpret pc=0x000002026412c75c method=org.jetbrains.kotlin.util.slicedMap.OpenAddressLinearProbingHashTable.get(Ljava/lang/Object;)Ljava/lang/Object; @ 68 c2
Event: 25.399 Thread 0x0000020258841000 DEOPT PACKING pc=0x000002026412c75c sp=0x000000f29d3fdab0
Event: 25.399 Thread 0x0000020258841000 DEOPT UNPACKING pc=0x000002025c3aa1af sp=0x000000f29d3fd9d8 mode 2
Event: 25.402 Thread 0x0000020258841000 Uncommon trap: trap_request=0xffffff4d fr.pc=0x00000202640db73c relative=0x00000000000004fc
Event: 25.402 Thread 0x0000020258841000 Uncommon trap: reason=unstable_if action=reinterpret pc=0x00000202640db73c method=org.jetbrains.kotlin.metadata.ProtoBuf$Type.isInitialized()Z @ 7 c2
Event: 25.402 Thread 0x0000020258841000 DEOPT PACKING pc=0x00000202640db73c sp=0x000000f29d3fdc50
Event: 25.402 Thread 0x0000020258841000 DEOPT UNPACKING pc=0x000002025c3aa1af sp=0x000000f29d3fdbe0 mode 2
Event: 25.417 Thread 0x0000020258841000 Uncommon trap: trap_request=0xffffffbe fr.pc=0x0000020264120efc relative=0x0000000000002a9c
Event: 25.417 Thread 0x0000020258841000 Uncommon trap: reason=profile_predicate action=maybe_recompile pc=0x0000020264120efc method=org.jetbrains.kotlin.serialization.deserialization.descriptors.DeserializedPackageMemberScope.hasClass(Lorg/jetbrains/kotlin/name/Name;)Z @ 65 c2
Event: 25.417 Thread 0x0000020258841000 DEOPT PACKING pc=0x0000020264120efc sp=0x000000f29d3fc920
Event: 25.417 Thread 0x0000020258841000 DEOPT UNPACKING pc=0x000002025c3aa1af sp=0x000000f29d3fc870 mode 2
Event: 25.454 Thread 0x0000020258841000 Uncommon trap: trap_request=0xffffff4d fr.pc=0x0000020263e3ff24 relative=0x0000000000000184
Event: 25.454 Thread 0x0000020258841000 Uncommon trap: reason=unstable_if action=reinterpret pc=0x0000020263e3ff24 method=java.lang.String.hashCode()I @ 22 c2
Event: 25.454 Thread 0x0000020258841000 DEOPT PACKING pc=0x0000020263e3ff24 sp=0x000000f29d3fda80
Event: 25.454 Thread 0x0000020258841000 DEOPT UNPACKING pc=0x000002025c3aa1af sp=0x000000f29d3fda10 mode 2

Classes redefined (0 events):
No events

Internal exceptions (20 events):
Event: 16.378 Thread 0x0000020258841000 Implicit null exception at 0x0000020263f73d4c to 0x0000020263f73e28
Event: 16.485 Thread 0x0000020258841000 Exception <a 'java/lang/NoSuchMethodError'{0x000000008d5495a8}: 'int java.lang.invoke.DirectMethodHandle$Holder.invokeVirtual(java.lang.Object, java.lang.Object, java.lang.Object)'> (0x000000008d5495a8) thrown at [src/hotspot/share/interpreter/linkResolver.cpp, line 773]
Event: 16.812 Thread 0x0000020258841000 Exception <a 'java/lang/NoSuchMethodError'{0x000000008d136988}: 'java.lang.Object java.lang.invoke.DirectMethodHandle$Holder.invokeSpecial(java.lang.Object, java.lang.Object, java.lang.Object, java.lang.Object, java.lang.Object, int)'> (0x000000008d136988) thrown at [src/hotspot/share/interpreter/linkResolver.cpp, line 773]
Event: 16.812 Thread 0x0000020258841000 Exception <a 'java/lang/NoSuchMethodError'{0x000000008d13a7d0}: 'java.lang.Object java.lang.invoke.Invokers$Holder.linkToTargetMethod(java.lang.Object, java.lang.Object, java.lang.Object, int, java.lang.Object)'> (0x000000008d13a7d0) thrown at [src/hotspot/share/interpreter/linkResolver.cpp, line 773]
Event: 16.949 Thread 0x0000020258841000 Exception <a 'java/lang/NoSuchMethodError'{0x000000008da054f0}: 'void java.lang.invoke.DirectMethodHandle$Holder.invokeInterface(java.lang.Object, java.lang.Object)'> (0x000000008da054f0) thrown at [src/hotspot/share/interpreter/linkResolver.cpp, line 773]
Event: 17.242 Thread 0x0000020258841000 Exception <a 'java/lang/IncompatibleClassChangeError'{0x000000008d9fad00}: Found class java.lang.Object, but interface was expected> (0x000000008d9fad00) thrown at [src/hotspot/share/interpreter/linkResolver.cpp, line 839]
Event: 17.913 Thread 0x0000020258841000 Implicit null exception at 0x0000020263e7f3f5 to 0x0000020263e7f5b4
Event: 17.913 Thread 0x0000020258841000 Implicit null exception at 0x0000020263e8ffaf to 0x0000020263e9001d
Event: 18.801 Thread 0x0000020258841000 Exception <a 'java/lang/NoSuchMethodError'{0x000000008c01a060}: 'int java.lang.invoke.DirectMethodHandle$Holder.invokeStaticInit(java.lang.Object, java.lang.Object, java.lang.Object, java.lang.Object)'> (0x000000008c01a060) thrown at [src/hotspot/share/interpreter/linkResolver.cpp, line 773]
Event: 18.826 Thread 0x0000020258841000 Implicit null exception at 0x0000020263e7e9f8 to 0x0000020263e7ea8a
Event: 18.902 Thread 0x0000020258841000 Exception <a 'java/lang/NoSuchMethodError'{0x000000008beccd18}: 'java.lang.Object java.lang.invoke.DirectMethodHandle$Holder.invokeStatic(java.lang.Object, java.lang.Object, java.lang.Object, int, int, java.lang.Object, java.lang.Object, java.lang.Object)'> (0x000000008beccd18) thrown at [src/hotspot/share/interpreter/linkResolver.cpp, line 773]
Event: 18.903 Thread 0x0000020258841000 Exception <a 'java/lang/NoSuchMethodError'{0x000000008bed7298}: 'java.lang.Object java.lang.invoke.DirectMethodHandle$Holder.invokeStatic(java.lang.Object, java.lang.Object, java.lang.Object, int, int)'> (0x000000008bed7298) thrown at [src/hotspot/share/interpreter/linkResolver.cpp, line 773]
Event: 18.904 Thread 0x0000020258841000 Exception <a 'java/lang/NoSuchMethodError'{0x000000008bedab28}: 'java.lang.Object java.lang.invoke.DirectMethodHandle$Holder.invokeSpecial(java.lang.Object, java.lang.Object, java.lang.Object, java.lang.Object, int, int)'> (0x000000008bedab28) thrown at [src/hotspot/share/interpreter/linkResolver.cpp, line 773]
Event: 18.904 Thread 0x0000020258841000 Exception <a 'java/lang/NoSuchMethodError'{0x000000008beddc30}: 'java.lang.Object java.lang.invoke.Invokers$Holder.linkToTargetMethod(java.lang.Object, java.lang.Object, int, int, java.lang.Object)'> (0x000000008beddc30) thrown at [src/hotspot/share/interpreter/linkResolver.cpp, line 773]
Event: 18.935 Thread 0x0000020258841000 Exception <a 'java/lang/NoSuchMethodError'{0x000000008bda2a68}: 'java.lang.Object java.lang.invoke.DirectMethodHandle$Holder.invokeStatic(java.lang.Object, java.lang.Object, java.lang.Object, int, int, java.lang.Object, java.lang.Object)'> (0x000000008bda2a68) thrown at [src/hotspot/share/interpreter/linkResolver.cpp, line 773]
Event: 18.936 Thread 0x0000020258841000 Exception <a 'java/lang/NoSuchMethodError'{0x000000008bda6680}: 'java.lang.Object java.lang.invoke.DirectMethodHandle$Holder.invokeSpecial(java.lang.Object, java.lang.Object, java.lang.Object, java.lang.Object, int, int, java.lang.Object, java.lang.Object)'> (0x000000008bda6680) thrown at [src/hotspot/share/interpreter/linkResolver.cpp, line 773]
Event: 18.936 Thread 0x0000020258841000 Exception <a 'java/lang/NoSuchMethodError'{0x000000008bda9a90}: 'java.lang.Object java.lang.invoke.Invokers$Holder.linkToTargetMethod(java.lang.Object, java.lang.Object, int, int, java.lang.Object, java.lang.Object, java.lang.Object)'> (0x000000008bda9a90) thrown at [src/hotspot/share/interpreter/linkResolver.cpp, line 773]
Event: 18.960 Thread 0x0000020258841000 Exception <a 'java/lang/NoSuchMethodError'{0x000000008bc5cbf8}: 'java.lang.Object java.lang.invoke.DirectMethodHandle$Holder.invokeStatic(java.lang.Object, java.lang.Object, java.lang.Object, int, int, java.lang.Object, java.lang.Object, java.lang.Object, java.lang.Object)'> (0x000000008bc5cbf8) thrown at [src/hotspot/share/interpreter/linkResolver.cpp, line 773]
Event: 23.634 Thread 0x0000020258841000 Implicit null exception at 0x00000202642105c8 to 0x0000020264215ebc
Event: 23.653 Thread 0x0000020258841000 Implicit null exception at 0x000002026420dba7 to 0x000002026420dce4

Events (20 events):
Event: 25.403 loading class org/jetbrains/kotlin/metadata/ProtoBuf$Function$Builder done
Event: 25.409 loading class org/jetbrains/kotlin/metadata/ProtoBuf$ValueParameter$Builder
Event: 25.409 loading class org/jetbrains/kotlin/metadata/ProtoBuf$ValueParameter$Builder done
Event: 25.413 loading class org/jetbrains/kotlin/resolve/calls/components/ArgumentsUtilsKt$isActualParameterWithAnyExpectedDefault$1
Event: 25.413 loading class org/jetbrains/kotlin/resolve/calls/components/ArgumentsUtilsKt$isActualParameterWithAnyExpectedDefault$1 done
Event: 25.419 loading class org/jetbrains/kotlin/codegen/binding/CodegenBinding
Event: 25.419 loading class org/jetbrains/kotlin/codegen/binding/CodegenBinding done
Event: 25.421 loading class org/jetbrains/kotlin/codegen/binding/CodegenAnnotatingVisitor
Event: 25.421 loading class org/jetbrains/kotlin/codegen/binding/CodegenAnnotatingVisitor done
Event: 25.428 loading class org/jetbrains/kotlin/serialization/DescriptorSerializer$hasInlineClassTypesInSignature$2$1
Event: 25.428 loading class org/jetbrains/kotlin/serialization/DescriptorSerializer$hasInlineClassTypesInSignature$2$1 done
Event: 25.429 loading class org/jetbrains/kotlin/metadata/jvm/JvmProtoBuf$StringTableTypes$Builder
Event: 25.429 loading class org/jetbrains/kotlin/metadata/jvm/JvmProtoBuf$StringTableTypes$Builder done
Event: 25.434 loading class org/jetbrains/kotlin/backend/jvm/codegen/ClassCodegen$generateInnerAndOuterClasses$1
Event: 25.434 loading class org/jetbrains/kotlin/backend/jvm/codegen/ClassCodegen$generateInnerAndOuterClasses$1 done
Event: 25.435 loading class org/jetbrains/kotlin/backend/jvm/codegen/ClassCodegen$generateInnerAndOuterClasses$2
Event: 25.435 loading class org/jetbrains/kotlin/backend/jvm/codegen/ClassCodegen$generateInnerAndOuterClasses$2 done
Event: 25.438 loading class org/jetbrains/annotations/NotNull
Event: 25.438 loading class org/jetbrains/annotations/NotNull done
Event: 25.683 Executing VM operation: G1CollectForAllocation


Dynamic libraries:
0x00007ff6e5de0000 - 0x00007ff6e5dea000 	C:\Program Files\Android\Android Studio\jbr\bin\java.exe
0x00007ffde98f0000 - 0x00007ffde9ae5000 	C:\WINDOWS\SYSTEM32\ntdll.dll
0x00007ffde7960000 - 0x00007ffde7a1d000 	C:\WINDOWS\System32\KERNEL32.DLL
0x00007ffde70c0000 - 0x00007ffde7387000 	C:\WINDOWS\System32\KERNELBASE.dll
0x00007ffde4540000 - 0x00007ffde45d0000 	C:\WINDOWS\SYSTEM32\apphelp.dll
0x00007ffde7670000 - 0x00007ffde7770000 	C:\WINDOWS\System32\ucrtbase.dll
0x00007ffdc6ac0000 - 0x00007ffdc6ad7000 	C:\Program Files\Android\Android Studio\jbr\bin\jli.dll
0x00007ffdc4ee0000 - 0x00007ffdc4efb000 	C:\Program Files\Android\Android Studio\jbr\bin\VCRUNTIME140.dll
0x00007ffde8720000 - 0x00007ffde88c0000 	C:\WINDOWS\System32\USER32.dll
0x00007ffde7040000 - 0x00007ffde7062000 	C:\WINDOWS\System32\win32u.dll
0x00007ffdd3cd0000 - 0x00007ffdd3f6a000 	C:\WINDOWS\WinSxS\amd64_microsoft.windows.common-controls_6595b64144ccf1df_6.0.19041.1_none_b555e41d4684ddec\COMCTL32.dll
0x00007ffde9690000 - 0x00007ffde96ba000 	C:\WINDOWS\System32\GDI32.dll
0x00007ffde96e0000 - 0x00007ffde977e000 	C:\WINDOWS\System32\msvcrt.dll
0x00007ffde7850000 - 0x00007ffde795a000 	C:\WINDOWS\System32\gdi32full.dll
0x00007ffde7570000 - 0x00007ffde760d000 	C:\WINDOWS\System32\msvcp_win.dll
0x00007ffde8ca0000 - 0x00007ffde8cd0000 	C:\WINDOWS\System32\IMM32.DLL
0x00007ffdbe790000 - 0x00007ffdbe81d000 	C:\Program Files\Android\Android Studio\jbr\bin\msvcp140.dll
0x00007ffde24f0000 - 0x00007ffde24fc000 	C:\WINDOWS\SYSTEM32\VCRUNTIME140_1.dll
0x00007ffdaf350000 - 0x00007ffdaff0c000 	C:\Program Files\Android\Android Studio\jbr\bin\server\jvm.dll
0x00007ffde8950000 - 0x00007ffde89fa000 	C:\WINDOWS\System32\ADVAPI32.dll
0x00007ffde7d80000 - 0x00007ffde7e1b000 	C:\WINDOWS\System32\sechost.dll
0x00007ffde8ab0000 - 0x00007ffde8bd3000 	C:\WINDOWS\System32\RPCRT4.dll
0x00007ffde8490000 - 0x00007ffde8498000 	C:\WINDOWS\System32\PSAPI.DLL
0x00007ffde5830000 - 0x00007ffde5839000 	C:\WINDOWS\SYSTEM32\WSOCK32.dll
0x00007ffde95a0000 - 0x00007ffde960b000 	C:\WINDOWS\System32\WS2_32.dll
0x00007ffdd40e0000 - 0x00007ffdd4107000 	C:\WINDOWS\SYSTEM32\WINMM.dll
0x00007ffddbb40000 - 0x00007ffddbb4a000 	C:\WINDOWS\SYSTEM32\VERSION.dll
0x00007ffde5990000 - 0x00007ffde59a3000 	C:\WINDOWS\SYSTEM32\kernel.appcore.dll
0x00007ffde2470000 - 0x00007ffde2480000 	C:\Program Files\Android\Android Studio\jbr\bin\verify.dll
0x00007ffde5620000 - 0x00007ffde5804000 	C:\WINDOWS\SYSTEM32\DBGHELP.DLL
0x00007ffdd96d0000 - 0x00007ffdd96fc000 	C:\WINDOWS\SYSTEM32\dbgcore.DLL
0x00007ffde74f0000 - 0x00007ffde756f000 	C:\WINDOWS\System32\bcryptPrimitives.dll
0x00007ffdcfb90000 - 0x00007ffdcfbb8000 	C:\Program Files\Android\Android Studio\jbr\bin\java.dll
0x00007ffde2460000 - 0x00007ffde246a000 	C:\Program Files\Android\Android Studio\jbr\bin\jimage.dll
0x00007ffdd1180000 - 0x00007ffdd1198000 	C:\Program Files\Android\Android Studio\jbr\bin\zip.dll
0x00007ffde8e60000 - 0x00007ffde95a0000 	C:\WINDOWS\System32\SHELL32.dll
0x00007ffde4dc0000 - 0x00007ffde5551000 	C:\WINDOWS\SYSTEM32\windows.storage.dll
0x00007ffde7a20000 - 0x00007ffde7d73000 	C:\WINDOWS\System32\combase.dll
0x00007ffde69f0000 - 0x00007ffde6a1c000 	C:\WINDOWS\SYSTEM32\Wldp.dll
0x00007ffde8bf0000 - 0x00007ffde8c9e000 	C:\WINDOWS\System32\SHCORE.dll
0x00007ffde86c0000 - 0x00007ffde8715000 	C:\WINDOWS\System32\shlwapi.dll
0x00007ffde6f80000 - 0x00007ffde6f9f000 	C:\WINDOWS\SYSTEM32\profapi.dll
0x00007ffdcff50000 - 0x00007ffdcff69000 	C:\Program Files\Android\Android Studio\jbr\bin\net.dll
0x00007ffddb4b0000 - 0x00007ffddb5b0000 	C:\WINDOWS\SYSTEM32\WINHTTP.dll
0x00007ffde6770000 - 0x00007ffde67da000 	C:\WINDOWS\system32\mswsock.dll
0x00007ffdcfab0000 - 0x00007ffdcfac3000 	C:\Program Files\Android\Android Studio\jbr\bin\nio.dll

dbghelp: loaded successfully - version: 4.0.5 - missing functions: none
symbol engine: initialized successfully - sym options: 0x614 - pdb path: .;C:\Program Files\Android\Android Studio\jbr\bin;C:\WINDOWS\SYSTEM32;C:\WINDOWS\WinSxS\amd64_microsoft.windows.common-controls_6595b64144ccf1df_6.0.19041.1_none_b555e41d4684ddec;C:\Program Files\Android\Android Studio\jbr\bin\server

VM Arguments:
java_command: org.jetbrains.kotlin.cli.jvm.K2JVMCompiler @C:\Users\Danny\AndroidStudioProjects\Ccapy\app\build\20230116_7427992111074224111.compiler.options
java_class_path (initial): C:\Users\Danny\.gradle\caches\modules-2\files-2.1\org.jetbrains.kotlin\kotlin-compiler-embeddable\1.7.21\a36688d6a38ea94ac3fce84e198ea2cb6c6a8e88\kotlin-compiler-embeddable-1.7.21.jar;C:\Users\Danny\.gradle\caches\modules-2\files-2.1\org.jetbrains.kotlin\kotlin-reflect\1.7.21\ad6d09bc4db0eab1069112eea8ebea0be7be44f\kotlin-reflect-1.7.21.jar;C:\Users\Danny\.gradle\caches\modules-2\files-2.1\org.jetbrains.kotlin\kotlin-stdlib\1.7.21\1a2eaf898a0dda83037034b10a42053cf8a7caf8\kotlin-stdlib-1.7.21.jar;C:\Users\Danny\.gradle\caches\modules-2\files-2.1\org.jetbrains.kotlin\kotlin-script-runtime\1.7.21\b06d5c58297dccce2a0f69b0636804b0a73b3b9\kotlin-script-runtime-1.7.21.jar;C:\Users\Danny\.gradle\caches\modules-2\files-2.1\org.jetbrains.kotlin\kotlin-daemon-embeddable\1.7.21\b94818f660cc50f5d39f04b6396ac38e4d3a9eb7\kotlin-daemon-embeddable-1.7.21.jar;C:\Users\Danny\.gradle\caches\modules-2\files-2.1\org.jetbrains.intellij.deps\trove4j\1.0.20200330\3afb14d5f9ceb459d724e907a21145e8ff394f02\trove4j-1.0.20200330.jar;C:\Users\Danny\.gradle\caches\modules-2\files-2.1\net.java.dev.jna\jna\5.6.0\330f2244e9030119ab3030fc3fededc86713d9cc\jna-5.6.0.jar;C:\Users\Danny\.gradle\caches\modules-2\files-2.1\org.jetbrains.kotlin\kotlin-stdlib-common\1.7.21\cb02257de8e13e8498f8e2f69f742f2d438e794d\kotlin-stdlib-common-1.7.21.jar;C:\Users\Danny\.gradle\caches\modules-2\files-2.1\org.jetbrains\annotations\13.0\919f0dfe192fb4e063e7dacadee7f8bb9a2672a9\annotations-13.0.jar
Launcher Type: SUN_STANDARD

[Global flags]
     intx CICompilerCount                          = 3                                         {product} {ergonomic}
     uint ConcGCThreads                            = 1                                         {product} {ergonomic}
     uint G1ConcRefinementThreads                  = 4                                         {product} {ergonomic}
   size_t G1HeapRegionSize                         = 1048576                                   {product} {ergonomic}
    uintx GCDrainStackTargetSize                   = 64                                        {product} {ergonomic}
   size_t InitialHeapSize                          = 134217728                                 {product} {ergonomic}
   size_t MarkStackSize                            = 4194304                                   {product} {ergonomic}
   size_t MaxHeapSize                              = 2122317824                                {product} {ergonomic}
   size_t MaxNewSize                               = 1272971264                                {product} {ergonomic}
   size_t MinHeapDeltaBytes                        = 1048576                                   {product} {ergonomic}
    uintx NonNMethodCodeHeapSize                   = 5830732                                {pd product} {ergonomic}
    uintx NonProfiledCodeHeapSize                  = 122913754                              {pd product} {ergonomic}
    uintx ProfiledCodeHeapSize                     = 122913754                              {pd product} {ergonomic}
    uintx ReservedCodeCacheSize                    = 251658240                              {pd product} {ergonomic}
     bool SegmentedCodeCache                       = true                                      {product} {ergonomic}
     bool UseCompressedClassPointers               = true                                 {lp64_product} {ergonomic}
     bool UseCompressedOops                        = true                                 {lp64_product} {ergonomic}
     bool UseG1GC                                  = true                                      {product} {ergonomic}
     bool UseLargePagesIndividualAllocation        = false                                  {pd product} {ergonomic}

Logging:
Log output configuration:
 #0: stdout all=warning uptime,level,tags
 #1: stderr all=off uptime,level,tags

Environment Variables:
PATH=C:\Python310\Scripts\;C:\Python310\;C:\WINDOWS\system32;C:\WINDOWS;C:\WINDOWS\System32\Wbem;C:\WINDOWS\System32\WindowsPowerShell\v1.0\;C:\WINDOWS\System32\OpenSSH\;C:\Program Files\Java\jdk-12.0.1\bin;C:\Users\Danny\Anaconda3;C:\Users\Danny\Anaconda3\Library\mingw-w64\bin;C:\Users\Danny\Anaconda3\Library\usr\bin;C:\Users\Danny\Anaconda3\Library\bin;C:\Users\Danny\Anaconda3\Scripts;C:\Users\Danny\AppData\Local\Microsoft\WindowsApps;C:\Users\Danny\AppData\Local\Programs\Microsoft VS Code\bin;C:\Program Files\JetBrains\PyCharm 2019.1.3\bin;C:\adb;D:\xamp\php;C:\WINDOWS\system32;C:\WINDOWS;C:\WINDOWS\System32\Wbem;C:\WINDOWS\System32\WindowsPowerShell\v1.0\;C:\WINDOWS\System32\OpenSSH\;C:\Program Files\Git\cmd;C:\flutter\bin;C:\Program Files\wureset;C:\Program Files\nodejs\;C:\ProgramData\chocolatey\bin;C:\Program Files (x86)\Microsoft SQL Server\150\DTS\Binn\;C:\Program Files\Azure Data Studio\bin;C:\Program Files\PuTTY\;C:\Users\Danny\AppData\Local\Microsoft\WindowsApps;C:\Program Files\Java\jdk-12.0.1\bin;C:\Program Files\JetBrains\PyCharm 2019.1.3\bin;;C:\Users\Danny\AppData\Local\Programs\Microsoft VS Code\bin;C:\Users\Danny\AppData\Local\Google\Cloud SDK\google-cloud-sdk\bin;C:\Users\Danny\AppData\Roaming\npm;C:\Program Files\Azure Data Studio\bin
USERNAME=Danny
OS=Windows_NT
PROCESSOR_IDENTIFIER=Intel64 Family 6 Model 78 Stepping 3, GenuineIntel



---------------  S Y S T E M  ---------------

OS: Windows 10 , 64 bit Build 19041 (10.0.19041.292)
OS uptime: 0 days 2:09 hours

CPU:total 4 (initial active 4) (2 cores per cpu, 2 threads per core) family 6 model 78 stepping 3 microcode 0xcc, cmov, cx8, fxsr, mmx, sse, sse2, sse3, ssse3, sse4.1, sse4.2, popcnt, avx, avx2, aes, clmul, erms, 3dnowpref, lzcnt, ht, tsc, tscinvbit, bmi1, bmi2, adx, fma

Memory: 4k page, system-wide physical 8091M (994M free)
TotalPageFile size 12671M (AvailPageFile size 28M)
current process WorkingSet (physical memory assigned to process): 389M, peak: 405M
current process commit charge ("private bytes"): 424M, peak: 462M

vm_info: OpenJDK 64-Bit Server VM (11.0.15+0-b2043.56-8887301) for windows-amd64 JRE (11.0.15+0-b2043.56-8887301), built on Jul 29 2022 23:19:47 by "builduser" with unknown MS VC++:1929

END.
